2017-08-07 17:09:38,699 ERROR 6520 [-/::1/-/20ms GET /news] nodejs.ReferenceError: dataList is not defined
    at NewsController.list (E:\code\own\learn\project\js\node\eggjs\app\controller\news.js:15:53)
    at next (native)
    at onFulfilled (E:\code\own\learn\project\js\node\eggjs\node_modules\.4.6.0@co\index.js:65:19)
    at E:\code\own\learn\project\js\node\eggjs\node_modules\.4.6.0@co\index.js:54:5
    at Object.co (E:\code\own\learn\project\js\node\eggjs\node_modules\.4.6.0@co\index.js:50:10)
    at Object.toPromise (E:\code\own\learn\project\js\node\eggjs\node_modules\.4.6.0@co\index.js:118:63)
    at next (E:\code\own\learn\project\js\node\eggjs\node_modules\.4.6.0@co\index.js:99:29)
    at onFulfilled (E:\code\own\learn\project\js\node\eggjs\node_modules\.4.6.0@co\index.js:69:7)
    at E:\code\own\learn\project\js\node\eggjs\node_modules\.4.6.0@co\index.js:54:5
    at Object.co (E:\code\own\learn\project\js\node\eggjs\node_modules\.4.6.0@co\index.js:50:10)

pid: 6520
hostname: xubaoshi

2017-08-07 17:10:36,570 ERROR 5728 [-/::1/-/24ms GET /news] nodejs.ReferenceError: list is not defined
    at NewsController.list (E:\code\own\learn\project\js\node\eggjs\app\controller\news.js:15:53)
    at next (native)
    at onFulfilled (E:\code\own\learn\project\js\node\eggjs\node_modules\.4.6.0@co\index.js:65:19)
    at E:\code\own\learn\project\js\node\eggjs\node_modules\.4.6.0@co\index.js:54:5
    at Object.co (E:\code\own\learn\project\js\node\eggjs\node_modules\.4.6.0@co\index.js:50:10)
    at Object.toPromise (E:\code\own\learn\project\js\node\eggjs\node_modules\.4.6.0@co\index.js:118:63)
    at next (E:\code\own\learn\project\js\node\eggjs\node_modules\.4.6.0@co\index.js:99:29)
    at onFulfilled (E:\code\own\learn\project\js\node\eggjs\node_modules\.4.6.0@co\index.js:69:7)
    at E:\code\own\learn\project\js\node\eggjs\node_modules\.4.6.0@co\index.js:54:5
    at Object.co (E:\code\own\learn\project\js\node\eggjs\node_modules\.4.6.0@co\index.js:50:10)

pid: 5728
hostname: xubaoshi

2017-08-07 17:11:14,528 ERROR 2616 [-/::1/-/28ms GET /news] nodejs.AssertionError: Can't find ViewEngine "nunjucks"
    at ContextView.[contextView#getViewEngine] (E:\code\own\learn\project\js\node\eggjs\node_modules\.1.1.2@egg-view\lib\context_view.js:93:5)
    at ContextView.[contextView#render] (E:\code\own\learn\project\js\node\eggjs\node_modules\.1.1.2@egg-view\lib\context_view.js:74:39)
    at next (native)
    at onFulfilled (E:\code\own\learn\project\js\node\eggjs\node_modules\.4.6.0@co\index.js:65:19)
name: 'AssertionError'
actual: undefined
expected: true
operator: '=='
message: 'Can\'t find ViewEngine "nunjucks"'
generatedMessage: false
pid: 2616
hostname: xubaoshi

2017-08-07 17:11:40,255 ERROR 2892 nodejs.unhandledExceptionError: read ECONNRESET
    at exports._errnoException (util.js:1018:11)
    at TCP.onread (net.js:568:26)
code: 'ECONNRESET'
errno: 'ECONNRESET'
syscall: 'read'
name: 'unhandledExceptionError'
pid: 2892
hostname: xubaoshi

2017-08-07 17:11:45,352 ERROR 7000 [-/::1/-/27ms GET /news] nodejs.AssertionError: Can't find ViewEngine "nunjucks"
    at ContextView.[contextView#getViewEngine] (E:\code\own\learn\project\js\node\eggjs\node_modules\.1.1.2@egg-view\lib\context_view.js:93:5)
    at ContextView.[contextView#render] (E:\code\own\learn\project\js\node\eggjs\node_modules\.1.1.2@egg-view\lib\context_view.js:74:39)
    at next (native)
    at onFulfilled (E:\code\own\learn\project\js\node\eggjs\node_modules\.4.6.0@co\index.js:65:19)
name: 'AssertionError'
actual: undefined
expected: true
operator: '=='
message: 'Can\'t find ViewEngine "nunjucks"'
generatedMessage: false
pid: 7000
hostname: xubaoshi

2017-08-07 17:13:18,137 ERROR 4000 [-/::1/-/30ms GET /news] nodejs.AssertionError: Can't find ViewEngine "nunjucks"
    at ContextView.[contextView#getViewEngine] (E:\code\own\learn\project\js\node\eggjs\node_modules\.1.1.2@egg-view\lib\context_view.js:93:5)
    at ContextView.[contextView#render] (E:\code\own\learn\project\js\node\eggjs\node_modules\.1.1.2@egg-view\lib\context_view.js:74:39)
    at next (native)
    at onFulfilled (E:\code\own\learn\project\js\node\eggjs\node_modules\.4.6.0@co\index.js:65:19)
name: 'AssertionError'
actual: undefined
expected: true
operator: '=='
message: 'Can\'t find ViewEngine "nunjucks"'
generatedMessage: false
pid: 4000
hostname: xubaoshi

2017-08-07 17:16:15,678 ERROR 8764 [-/::1/-/23ms GET /news] nodejs.AssertionError: Can't find ViewEngine "nunjucks"
    at ContextView.[contextView#getViewEngine] (E:\code\own\learn\project\js\node\eggjs\node_modules\.1.1.2@egg-view\lib\context_view.js:93:5)
    at ContextView.[contextView#render] (E:\code\own\learn\project\js\node\eggjs\node_modules\.1.1.2@egg-view\lib\context_view.js:74:39)
    at next (native)
    at onFulfilled (E:\code\own\learn\project\js\node\eggjs\node_modules\.4.6.0@co\index.js:65:19)
name: 'AssertionError'
actual: undefined
expected: true
operator: '=='
message: 'Can\'t find ViewEngine "nunjucks"'
generatedMessage: false
pid: 8764
hostname: xubaoshi

2017-08-07 17:20:21,420 ERROR 8764 [-/::1/-/7ms GET /news] nodejs.AssertionError: Can't find ViewEngine "nunjucks"
    at ContextView.[contextView#getViewEngine] (E:\code\own\learn\project\js\node\eggjs\node_modules\.1.1.2@egg-view\lib\context_view.js:93:5)
    at ContextView.[contextView#render] (E:\code\own\learn\project\js\node\eggjs\node_modules\.1.1.2@egg-view\lib\context_view.js:74:39)
    at next (native)
    at onFulfilled (E:\code\own\learn\project\js\node\eggjs\node_modules\.4.6.0@co\index.js:65:19)
name: 'AssertionError'
actual: undefined
expected: true
operator: '=='
message: 'Can\'t find ViewEngine "nunjucks"'
generatedMessage: false
pid: 8764
hostname: xubaoshi

2017-08-07 17:21:30,454 ERROR 8028 [-/::1/-/28ms GET /news] nodejs.AssertionError: Can't find ViewEngine "nunjucks"
    at ContextView.[contextView#getViewEngine] (E:\code\own\learn\project\js\node\eggjs\node_modules\.1.1.2@egg-view\lib\context_view.js:93:5)
    at ContextView.[contextView#render] (E:\code\own\learn\project\js\node\eggjs\node_modules\.1.1.2@egg-view\lib\context_view.js:74:39)
    at next (native)
    at onFulfilled (E:\code\own\learn\project\js\node\eggjs\node_modules\.4.6.0@co\index.js:65:19)
name: 'AssertionError'
actual: undefined
expected: true
operator: '=='
message: 'Can\'t find ViewEngine "nunjucks"'
generatedMessage: false
pid: 8028
hostname: xubaoshi

2017-08-07 17:21:32,977 ERROR 8028 [-/::1/-/6ms GET /news] nodejs.AssertionError: Can't find ViewEngine "nunjucks"
    at ContextView.[contextView#getViewEngine] (E:\code\own\learn\project\js\node\eggjs\node_modules\.1.1.2@egg-view\lib\context_view.js:93:5)
    at ContextView.[contextView#render] (E:\code\own\learn\project\js\node\eggjs\node_modules\.1.1.2@egg-view\lib\context_view.js:74:39)
    at next (native)
    at onFulfilled (E:\code\own\learn\project\js\node\eggjs\node_modules\.4.6.0@co\index.js:65:19)
name: 'AssertionError'
actual: undefined
expected: true
operator: '=='
message: 'Can\'t find ViewEngine "nunjucks"'
generatedMessage: false
pid: 8028
hostname: xubaoshi

2017-08-07 19:48:29,533 ERROR 5136 nodejs.ClusterClientNoResponseError: client no response in 5756557ms exceeding maxIdleTime 60000ms, maybe the connection is close on other side.
    at Timeout.Leader._heartbeatTimer.setInterval [as _onTimeout] (E:\code\own\learn\project\js\node\eggjs\node_modules\.1.6.7@cluster-client\lib\leader.js:72:23)
    at ontimeout (timers.js:386:14)
    at tryOnTimeout (timers.js:250:5)
    at Timer.listOnTimeout (timers.js:214:5)
name: 'ClusterClientNoResponseError'
pid: 5136
hostname: xubaoshi

